<?xml version="1.0" encoding="UTF-8"?>
<!-- Generated by org.testng.reporters.JUnitXMLReporter -->
<testsuite ignored="0" hostname="LAPTOP-7KPE3BUK" failures="1" tests="1" name="Test" time="11.96" errors="0" timestamp="11 May 2021 06:50:27 GMT">
  <testcase classname="pom.FlipkartTests" name="flipkartValidInputTest" time="5.894">
    <failure type="java.lang.RuntimeException" message="java.lang.AssertionError: expected [Showing 1 – 24 of 689 results for &amp;quot;mobiles&amp;quot;] but found [Showing 1 – 24 of 704 results for &amp;quot;mobiles&amp;quot;]">
      <![CDATA[java.lang.RuntimeException: java.lang.AssertionError: expected [Showing 1 – 24 of 689 results for "mobiles"] but found [Showing 1 – 24 of 704 results for "mobiles"]
at pom.FlipkartTests.flipkartValidInputTest(FlipkartTests.java:63)
Caused by: java.lang.AssertionError: expected [Showing 1 – 24 of 689 results for "mobiles"] but found [Showing 1 – 24 of 704 results for "mobiles"]
at pom.FlipkartTests.flipkartValidInputTest(FlipkartTests.java:53)
... 29 more
... Removed 35 stack frames]]>
    </failure>
  </testcase> <!-- flipkartValidInputTest -->
</testsuite> <!-- Test -->
